<?xml version="1.0" encoding="UTF-8"?>
<testsuite xmlns:xsi="http://www.w3.org/2001/XMLSchema-instance" xsi:noNamespaceSchemaLocation="https://maven.apache.org/surefire/maven-surefire-plugin/xsd/surefire-test-report.xsd" name="com.example.payroll.PayrollApplicationTests" time="7.014" tests="1" errors="0" skipped="0" failures="0">
  <properties>
    <property name="java.specification.version" value="16"/>
    <property name="sun.jnu.encoding" value="UTF-8"/>
    <property name="java.class.path" value="/Users/foumou/eclipse-workspace/spring/payroll/target/test-classes:/Users/foumou/eclipse-workspace/spring/payroll/target/classes:/Users/foumou/.m2/repository/org/springframework/boot/spring-boot-starter-data-jpa/2.6.2/spring-boot-starter-data-jpa-2.6.2.jar:/Users/foumou/.m2/repository/org/springframework/boot/spring-boot-starter-aop/2.6.2/spring-boot-starter-aop-2.6.2.jar:/Users/foumou/.m2/repository/org/springframework/spring-aop/5.3.14/spring-aop-5.3.14.jar:/Users/foumou/.m2/repository/org/aspectj/aspectjweaver/1.9.7/aspectjweaver-1.9.7.jar:/Users/foumou/.m2/repository/org/springframework/boot/spring-boot-starter-jdbc/2.6.2/spring-boot-starter-jdbc-2.6.2.jar:/Users/foumou/.m2/repository/com/zaxxer/HikariCP/4.0.3/HikariCP-4.0.3.jar:/Users/foumou/.m2/repository/org/springframework/spring-jdbc/5.3.14/spring-jdbc-5.3.14.jar:/Users/foumou/.m2/repository/jakarta/transaction/jakarta.transaction-api/1.3.3/jakarta.transaction-api-1.3.3.jar:/Users/foumou/.m2/repository/jakarta/persistence/jakarta.persistence-api/2.2.3/jakarta.persistence-api-2.2.3.jar:/Users/foumou/.m2/repository/org/hibernate/hibernate-core/5.6.3.Final/hibernate-core-5.6.3.Final.jar:/Users/foumou/.m2/repository/org/jboss/logging/jboss-logging/3.4.2.Final/jboss-logging-3.4.2.Final.jar:/Users/foumou/.m2/repository/net/bytebuddy/byte-buddy/1.11.22/byte-buddy-1.11.22.jar:/Users/foumou/.m2/repository/antlr/antlr/2.7.7/antlr-2.7.7.jar:/Users/foumou/.m2/repository/org/jboss/jandex/2.2.3.Final/jandex-2.2.3.Final.jar:/Users/foumou/.m2/repository/com/fasterxml/classmate/1.5.1/classmate-1.5.1.jar:/Users/foumou/.m2/repository/org/hibernate/common/hibernate-commons-annotations/5.1.2.Final/hibernate-commons-annotations-5.1.2.Final.jar:/Users/foumou/.m2/repository/org/glassfish/jaxb/jaxb-runtime/2.3.5/jaxb-runtime-2.3.5.jar:/Users/foumou/.m2/repository/org/glassfish/jaxb/txw2/2.3.5/txw2-2.3.5.jar:/Users/foumou/.m2/repository/com/sun/istack/istack-commons-runtime/3.0.12/istack-commons-runtime-3.0.12.jar:/Users/foumou/.m2/repository/com/sun/activation/jakarta.activation/1.2.2/jakarta.activation-1.2.2.jar:/Users/foumou/.m2/repository/org/springframework/data/spring-data-jpa/2.6.0/spring-data-jpa-2.6.0.jar:/Users/foumou/.m2/repository/org/springframework/data/spring-data-commons/2.6.0/spring-data-commons-2.6.0.jar:/Users/foumou/.m2/repository/org/springframework/spring-orm/5.3.14/spring-orm-5.3.14.jar:/Users/foumou/.m2/repository/org/springframework/spring-context/5.3.14/spring-context-5.3.14.jar:/Users/foumou/.m2/repository/org/springframework/spring-tx/5.3.14/spring-tx-5.3.14.jar:/Users/foumou/.m2/repository/org/springframework/spring-beans/5.3.14/spring-beans-5.3.14.jar:/Users/foumou/.m2/repository/org/slf4j/slf4j-api/1.7.32/slf4j-api-1.7.32.jar:/Users/foumou/.m2/repository/org/springframework/spring-aspects/5.3.14/spring-aspects-5.3.14.jar:/Users/foumou/.m2/repository/org/springframework/boot/spring-boot-starter-web/2.6.2/spring-boot-starter-web-2.6.2.jar:/Users/foumou/.m2/repository/org/springframework/boot/spring-boot-starter/2.6.2/spring-boot-starter-2.6.2.jar:/Users/foumou/.m2/repository/org/springframework/boot/spring-boot-starter-logging/2.6.2/spring-boot-starter-logging-2.6.2.jar:/Users/foumou/.m2/repository/ch/qos/logback/logback-classic/1.2.9/logback-classic-1.2.9.jar:/Users/foumou/.m2/repository/ch/qos/logback/logback-core/1.2.9/logback-core-1.2.9.jar:/Users/foumou/.m2/repository/org/apache/logging/log4j/log4j-to-slf4j/2.17.0/log4j-to-slf4j-2.17.0.jar:/Users/foumou/.m2/repository/org/apache/logging/log4j/log4j-api/2.17.0/log4j-api-2.17.0.jar:/Users/foumou/.m2/repository/org/slf4j/jul-to-slf4j/1.7.32/jul-to-slf4j-1.7.32.jar:/Users/foumou/.m2/repository/jakarta/annotation/jakarta.annotation-api/1.3.5/jakarta.annotation-api-1.3.5.jar:/Users/foumou/.m2/repository/org/yaml/snakeyaml/1.29/snakeyaml-1.29.jar:/Users/foumou/.m2/repository/org/springframework/boot/spring-boot-starter-json/2.6.2/spring-boot-starter-json-2.6.2.jar:/Users/foumou/.m2/repository/com/fasterxml/jackson/core/jackson-databind/2.13.1/jackson-databind-2.13.1.jar:/Users/foumou/.m2/repository/com/fasterxml/jackson/core/jackson-annotations/2.13.1/jackson-annotations-2.13.1.jar:/Users/foumou/.m2/repository/com/fasterxml/jackson/core/jackson-core/2.13.1/jackson-core-2.13.1.jar:/Users/foumou/.m2/repository/com/fasterxml/jackson/datatype/jackson-datatype-jdk8/2.13.1/jackson-datatype-jdk8-2.13.1.jar:/Users/foumou/.m2/repository/com/fasterxml/jackson/datatype/jackson-datatype-jsr310/2.13.1/jackson-datatype-jsr310-2.13.1.jar:/Users/foumou/.m2/repository/com/fasterxml/jackson/module/jackson-module-parameter-names/2.13.1/jackson-module-parameter-names-2.13.1.jar:/Users/foumou/.m2/repository/org/springframework/boot/spring-boot-starter-tomcat/2.6.2/spring-boot-starter-tomcat-2.6.2.jar:/Users/foumou/.m2/repository/org/apache/tomcat/embed/tomcat-embed-core/9.0.56/tomcat-embed-core-9.0.56.jar:/Users/foumou/.m2/repository/org/apache/tomcat/embed/tomcat-embed-el/9.0.56/tomcat-embed-el-9.0.56.jar:/Users/foumou/.m2/repository/org/apache/tomcat/embed/tomcat-embed-websocket/9.0.56/tomcat-embed-websocket-9.0.56.jar:/Users/foumou/.m2/repository/org/springframework/spring-web/5.3.14/spring-web-5.3.14.jar:/Users/foumou/.m2/repository/org/springframework/spring-webmvc/5.3.14/spring-webmvc-5.3.14.jar:/Users/foumou/.m2/repository/org/springframework/spring-expression/5.3.14/spring-expression-5.3.14.jar:/Users/foumou/.m2/repository/mysql/mysql-connector-java/8.0.27/mysql-connector-java-8.0.27.jar:/Users/foumou/.m2/repository/org/springframework/boot/spring-boot-starter-test/2.6.2/spring-boot-starter-test-2.6.2.jar:/Users/foumou/.m2/repository/org/springframework/boot/spring-boot-test/2.6.2/spring-boot-test-2.6.2.jar:/Users/foumou/.m2/repository/org/springframework/boot/spring-boot-test-autoconfigure/2.6.2/spring-boot-test-autoconfigure-2.6.2.jar:/Users/foumou/.m2/repository/com/jayway/jsonpath/json-path/2.6.0/json-path-2.6.0.jar:/Users/foumou/.m2/repository/net/minidev/json-smart/2.4.7/json-smart-2.4.7.jar:/Users/foumou/.m2/repository/net/minidev/accessors-smart/2.4.7/accessors-smart-2.4.7.jar:/Users/foumou/.m2/repository/org/ow2/asm/asm/9.1/asm-9.1.jar:/Users/foumou/.m2/repository/jakarta/xml/bind/jakarta.xml.bind-api/2.3.3/jakarta.xml.bind-api-2.3.3.jar:/Users/foumou/.m2/repository/jakarta/activation/jakarta.activation-api/1.2.2/jakarta.activation-api-1.2.2.jar:/Users/foumou/.m2/repository/org/assertj/assertj-core/3.21.0/assertj-core-3.21.0.jar:/Users/foumou/.m2/repository/org/hamcrest/hamcrest/2.2/hamcrest-2.2.jar:/Users/foumou/.m2/repository/org/junit/jupiter/junit-jupiter/5.8.2/junit-jupiter-5.8.2.jar:/Users/foumou/.m2/repository/org/junit/jupiter/junit-jupiter-api/5.8.2/junit-jupiter-api-5.8.2.jar:/Users/foumou/.m2/repository/org/opentest4j/opentest4j/1.2.0/opentest4j-1.2.0.jar:/Users/foumou/.m2/repository/org/junit/platform/junit-platform-commons/1.8.2/junit-platform-commons-1.8.2.jar:/Users/foumou/.m2/repository/org/apiguardian/apiguardian-api/1.1.2/apiguardian-api-1.1.2.jar:/Users/foumou/.m2/repository/org/junit/jupiter/junit-jupiter-params/5.8.2/junit-jupiter-params-5.8.2.jar:/Users/foumou/.m2/repository/org/junit/jupiter/junit-jupiter-engine/5.8.2/junit-jupiter-engine-5.8.2.jar:/Users/foumou/.m2/repository/org/junit/platform/junit-platform-engine/1.8.2/junit-platform-engine-1.8.2.jar:/Users/foumou/.m2/repository/org/mockito/mockito-core/4.0.0/mockito-core-4.0.0.jar:/Users/foumou/.m2/repository/net/bytebuddy/byte-buddy-agent/1.11.22/byte-buddy-agent-1.11.22.jar:/Users/foumou/.m2/repository/org/objenesis/objenesis/3.2/objenesis-3.2.jar:/Users/foumou/.m2/repository/org/mockito/mockito-junit-jupiter/4.0.0/mockito-junit-jupiter-4.0.0.jar:/Users/foumou/.m2/repository/org/skyscreamer/jsonassert/1.5.0/jsonassert-1.5.0.jar:/Users/foumou/.m2/repository/com/vaadin/external/google/android-json/0.0.20131108.vaadin1/android-json-0.0.20131108.vaadin1.jar:/Users/foumou/.m2/repository/org/springframework/spring-core/5.3.14/spring-core-5.3.14.jar:/Users/foumou/.m2/repository/org/springframework/spring-jcl/5.3.14/spring-jcl-5.3.14.jar:/Users/foumou/.m2/repository/org/springframework/spring-test/5.3.14/spring-test-5.3.14.jar:/Users/foumou/.m2/repository/org/xmlunit/xmlunit-core/2.8.4/xmlunit-core-2.8.4.jar:/Users/foumou/.m2/repository/com/vaadin/vaadin-spring-boot-starter/19.0.1/vaadin-spring-boot-starter-19.0.1.jar:/Users/foumou/.m2/repository/com/vaadin/vaadin-spring/16.0.1/vaadin-spring-16.0.1.jar:/Users/foumou/.m2/repository/com/vaadin/flow-server/6.0.1/flow-server-6.0.1.jar:/Users/foumou/.m2/repository/com/vaadin/external/gwt/gwt-elemental/2.8.2.vaadin2/gwt-elemental-2.8.2.vaadin2.jar:/Users/foumou/.m2/repository/commons-fileupload/commons-fileupload/1.3.3/commons-fileupload-1.3.3.jar:/Users/foumou/.m2/repository/org/jsoup/jsoup/1.12.1/jsoup-1.12.1.jar:/Users/foumou/.m2/repository/com/helger/ph-css/6.1.1/ph-css-6.1.1.jar:/Users/foumou/.m2/repository/com/helger/ph-commons/9.1.2/ph-commons-9.1.2.jar:/Users/foumou/.m2/repository/com/vaadin/external/gentyref/1.2.0.vaadin1/gentyref-1.2.0.vaadin1.jar:/Users/foumou/.m2/repository/org/apache/commons/commons-compress/1.19/commons-compress-1.19.jar:/Users/foumou/.m2/repository/org/apache/httpcomponents/httpclient/4.5.13/httpclient-4.5.13.jar:/Users/foumou/.m2/repository/org/apache/httpcomponents/httpcore/4.4.15/httpcore-4.4.15.jar:/Users/foumou/.m2/repository/commons-codec/commons-codec/1.15/commons-codec-1.15.jar:/Users/foumou/.m2/repository/com/vaadin/flow-push/6.0.1/flow-push-6.0.1.jar:/Users/foumou/.m2/repository/com/vaadin/external/atmosphere/atmosphere-runtime/2.4.30.slf4jvaadin1/atmosphere-runtime-2.4.30.slf4jvaadin1.jar:/Users/foumou/.m2/repository/com/vaadin/flow-client/6.0.1/flow-client-6.0.1.jar:/Users/foumou/.m2/repository/org/springframework/spring-websocket/5.3.14/spring-websocket-5.3.14.jar:/Users/foumou/.m2/repository/org/hibernate/validator/hibernate-validator/6.2.0.Final/hibernate-validator-6.2.0.Final.jar:/Users/foumou/.m2/repository/jakarta/validation/jakarta.validation-api/2.0.2/jakarta.validation-api-2.0.2.jar:/Users/foumou/.m2/repository/com/vaadin/vaadin-core/19.0.1/vaadin-core-19.0.1.jar:/Users/foumou/.m2/repository/com/vaadin/fusion-endpoint/6.0.2/fusion-endpoint-6.0.2.jar:/Users/foumou/.m2/repository/javax/validation/validation-api/2.0.1.Final/validation-api-2.0.1.Final.jar:/Users/foumou/.m2/repository/javax/annotation/javax.annotation-api/1.3.2/javax.annotation-api-1.3.2.jar:/Users/foumou/.m2/repository/com/github/javaparser/javaparser-symbol-solver-core/3.15.1/javaparser-symbol-solver-core-3.15.1.jar:/Users/foumou/.m2/repository/com/github/javaparser/javaparser-symbol-solver-logic/3.15.1/javaparser-symbol-solver-logic-3.15.1.jar:/Users/foumou/.m2/repository/org/javassist/javassist/3.24.0-GA/javassist-3.24.0-GA.jar:/Users/foumou/.m2/repository/com/github/javaparser/javaparser-symbol-solver-model/3.15.1/javaparser-symbol-solver-model-3.15.1.jar:/Users/foumou/.m2/repository/com/github/javaparser/javaparser-core/3.15.1/javaparser-core-3.15.1.jar:/Users/foumou/.m2/repository/com/google/guava/guava/27.0-jre/guava-27.0-jre.jar:/Users/foumou/.m2/repository/com/google/guava/failureaccess/1.0/failureaccess-1.0.jar:/Users/foumou/.m2/repository/com/google/guava/listenablefuture/9999.0-empty-to-avoid-conflict-with-guava/listenablefuture-9999.0-empty-to-avoid-conflict-with-guava.jar:/Users/foumou/.m2/repository/com/google/code/findbugs/jsr305/3.0.2/jsr305-3.0.2.jar:/Users/foumou/.m2/repository/org/checkerframework/checker-qual/2.5.2/checker-qual-2.5.2.jar:/Users/foumou/.m2/repository/com/google/errorprone/error_prone_annotations/2.2.0/error_prone_annotations-2.2.0.jar:/Users/foumou/.m2/repository/com/google/j2objc/j2objc-annotations/1.1/j2objc-annotations-1.1.jar:/Users/foumou/.m2/repository/org/codehaus/mojo/animal-sniffer-annotations/1.17/animal-sniffer-annotations-1.17.jar:/Users/foumou/.m2/repository/io/swagger/codegen/v3/swagger-codegen/3.0.2/swagger-codegen-3.0.2.jar:/Users/foumou/.m2/repository/io/swagger/core/v3/swagger-models/2.0.4/swagger-models-2.0.4.jar:/Users/foumou/.m2/repository/io/swagger/swagger-parser/1.0.39/swagger-parser-1.0.39.jar:/Users/foumou/.m2/repository/io/swagger/swagger-core/1.5.21/swagger-core-1.5.21.jar:/Users/foumou/.m2/repository/io/swagger/swagger-models/1.5.21/swagger-models-1.5.21.jar:/Users/foumou/.m2/repository/io/swagger/swagger-annotations/1.5.21/swagger-annotations-1.5.21.jar:/Users/foumou/.m2/repository/io/swagger/core/v3/swagger-core/2.0.4/swagger-core-2.0.4.jar:/Users/foumou/.m2/repository/javax/xml/bind/jaxb-api/2.3.1/jaxb-api-2.3.1.jar:/Users/foumou/.m2/repository/javax/activation/javax.activation-api/1.2.0/javax.activation-api-1.2.0.jar:/Users/foumou/.m2/repository/com/fasterxml/jackson/dataformat/jackson-dataformat-yaml/2.13.1/jackson-dataformat-yaml-2.13.1.jar:/Users/foumou/.m2/repository/io/swagger/core/v3/swagger-annotations/2.0.4/swagger-annotations-2.0.4.jar:/Users/foumou/.m2/repository/io/swagger/parser/v3/swagger-parser-core/2.0.5/swagger-parser-core-2.0.5.jar:/Users/foumou/.m2/repository/io/swagger/parser/v3/swagger-parser-v3/2.0.5/swagger-parser-v3-2.0.5.jar:/Users/foumou/.m2/repository/io/swagger/parser/v3/swagger-parser/2.0.5/swagger-parser-2.0.5.jar:/Users/foumou/.m2/repository/io/swagger/parser/v3/swagger-parser-v2-converter/2.0.5/swagger-parser-v2-converter-2.0.5.jar:/Users/foumou/.m2/repository/io/swagger/swagger-codegen/2.3.1/swagger-codegen-2.3.1.jar:/Users/foumou/.m2/repository/io/swagger/swagger-compat-spec-parser/1.0.33/swagger-compat-spec-parser-1.0.33.jar:/Users/foumou/.m2/repository/com/github/java-json-tools/json-schema-validator/2.2.8/json-schema-validator-2.2.8.jar:/Users/foumou/.m2/repository/com/github/java-json-tools/json-schema-core/1.2.8/json-schema-core-1.2.8.jar:/Users/foumou/.m2/repository/com/github/fge/uri-template/0.9/uri-template-0.9.jar:/Users/foumou/.m2/repository/joda-time/joda-time/2.9.7/joda-time-2.9.7.jar:/Users/foumou/.m2/repository/com/googlecode/libphonenumber/libphonenumber/8.0.0/libphonenumber-8.0.0.jar:/Users/foumou/.m2/repository/net/sf/jopt-simple/jopt-simple/5.0.3/jopt-simple-5.0.3.jar:/Users/foumou/.m2/repository/com/github/fge/json-patch/1.6/json-patch-1.6.jar:/Users/foumou/.m2/repository/com/github/fge/jackson-coreutils/1.6/jackson-coreutils-1.6.jar:/Users/foumou/.m2/repository/com/github/fge/msg-simple/1.1/msg-simple-1.1.jar:/Users/foumou/.m2/repository/com/github/fge/btf/1.2/btf-1.2.jar:/Users/foumou/.m2/repository/com/samskivert/jmustache/1.15/jmustache-1.15.jar:/Users/foumou/.m2/repository/org/slf4j/slf4j-ext/1.7.32/slf4j-ext-1.7.32.jar:/Users/foumou/.m2/repository/commons-cli/commons-cli/1.2/commons-cli-1.2.jar:/Users/foumou/.m2/repository/com/github/jknack/handlebars/4.0.6/handlebars-4.0.6.jar:/Users/foumou/.m2/repository/org/antlr/antlr4-runtime/4.5.1-1/antlr4-runtime-4.5.1-1.jar:/Users/foumou/.m2/repository/org/mozilla/rhino/1.7R4/rhino-1.7R4.jar:/Users/foumou/.m2/repository/com/atlassian/commonmark/commonmark/0.9.0/commonmark-0.9.0.jar:/Users/foumou/.m2/repository/io/swagger/codegen/v3/swagger-codegen-generators/1.0.2/swagger-codegen-generators-1.0.2.jar:/Users/foumou/.m2/repository/com/vaadin/flow-lit-template/6.0.2/flow-lit-template-6.0.2.jar:/Users/foumou/.m2/repository/com/vaadin/flow-polymer-template/6.0.2/flow-polymer-template-6.0.2.jar:/Users/foumou/.m2/repository/com/vaadin/flow-html-components/6.0.2/flow-html-components-6.0.2.jar:/Users/foumou/.m2/repository/com/vaadin/flow-data/6.0.2/flow-data-6.0.2.jar:/Users/foumou/.m2/repository/com/vaadin/flow-dnd/6.0.2/flow-dnd-6.0.2.jar:/Users/foumou/.m2/repository/org/webjars/npm/vaadin__vaadin-mobile-drag-drop/1.0.0/vaadin__vaadin-mobile-drag-drop-1.0.0.jar:/Users/foumou/.m2/repository/org/webjars/npm/mobile-drag-drop/2.3.0-rc.1/mobile-drag-drop-2.3.0-rc.1.jar:/Users/foumou/.m2/repository/com/vaadin/vaadin-lumo-theme/6.0.2/vaadin-lumo-theme-6.0.2.jar:/Users/foumou/.m2/repository/com/vaadin/vaadin-material-theme/6.0.2/vaadin-material-theme-6.0.2.jar:/Users/foumou/.m2/repository/com/vaadin/vaadin-accordion-flow/19.0.1/vaadin-accordion-flow-19.0.1.jar:/Users/foumou/.m2/repository/com/vaadin/vaadin-avatar-flow/19.0.1/vaadin-avatar-flow-19.0.1.jar:/Users/foumou/.m2/repository/com/vaadin/vaadin-button-flow/19.0.1/vaadin-button-flow-19.0.1.jar:/Users/foumou/.m2/repository/com/vaadin/vaadin-checkbox-flow/19.0.1/vaadin-checkbox-flow-19.0.1.jar:/Users/foumou/.m2/repository/com/vaadin/vaadin-combo-box-flow/19.0.1/vaadin-combo-box-flow-19.0.1.jar:/Users/foumou/.m2/repository/com/vaadin/vaadin-custom-field-flow/19.0.1/vaadin-custom-field-flow-19.0.1.jar:/Users/foumou/.m2/repository/com/vaadin/vaadin-date-picker-flow/19.0.1/vaadin-date-picker-flow-19.0.1.jar:/Users/foumou/.m2/repository/com/vaadin/vaadin-date-time-picker-flow/19.0.1/vaadin-date-time-picker-flow-19.0.1.jar:/Users/foumou/.m2/repository/com/vaadin/vaadin-details-flow/19.0.1/vaadin-details-flow-19.0.1.jar:/Users/foumou/.m2/repository/com/vaadin/vaadin-time-picker-flow/19.0.1/vaadin-time-picker-flow-19.0.1.jar:/Users/foumou/.m2/repository/com/vaadin/vaadin-select-flow/19.0.1/vaadin-select-flow-19.0.1.jar:/Users/foumou/.m2/repository/com/vaadin/vaadin-dialog-flow/19.0.1/vaadin-dialog-flow-19.0.1.jar:/Users/foumou/.m2/repository/com/vaadin/vaadin-form-layout-flow/19.0.1/vaadin-form-layout-flow-19.0.1.jar:/Users/foumou/.m2/repository/com/vaadin/vaadin-grid-flow/19.0.1/vaadin-grid-flow-19.0.1.jar:/Users/foumou/.m2/repository/org/apache/commons/commons-lang3/3.12.0/commons-lang3-3.12.0.jar:/Users/foumou/.m2/repository/com/vaadin/vaadin-icons-flow/19.0.1/vaadin-icons-flow-19.0.1.jar:/Users/foumou/.m2/repository/com/vaadin/vaadin-iron-list-flow/19.0.1/vaadin-iron-list-flow-19.0.1.jar:/Users/foumou/.m2/repository/com/vaadin/vaadin-list-box-flow/19.0.1/vaadin-list-box-flow-19.0.1.jar:/Users/foumou/.m2/repository/com/vaadin/vaadin-login-flow/19.0.1/vaadin-login-flow-19.0.1.jar:/Users/foumou/.m2/repository/com/vaadin/vaadin-ordered-layout-flow/19.0.1/vaadin-ordered-layout-flow-19.0.1.jar:/Users/foumou/.m2/repository/com/vaadin/vaadin-progress-bar-flow/19.0.1/vaadin-progress-bar-flow-19.0.1.jar:/Users/foumou/.m2/repository/com/vaadin/vaadin-radio-button-flow/19.0.1/vaadin-radio-button-flow-19.0.1.jar:/Users/foumou/.m2/repository/com/vaadin/vaadin-split-layout-flow/19.0.1/vaadin-split-layout-flow-19.0.1.jar:/Users/foumou/.m2/repository/com/vaadin/vaadin-tabs-flow/19.0.1/vaadin-tabs-flow-19.0.1.jar:/Users/foumou/.m2/repository/com/vaadin/vaadin-text-field-flow/19.0.1/vaadin-text-field-flow-19.0.1.jar:/Users/foumou/.m2/repository/com/vaadin/vaadin-upload-flow/19.0.1/vaadin-upload-flow-19.0.1.jar:/Users/foumou/.m2/repository/com/vaadin/vaadin-notification-flow/19.0.1/vaadin-notification-flow-19.0.1.jar:/Users/foumou/.m2/repository/com/vaadin/vaadin-app-layout-flow/19.0.1/vaadin-app-layout-flow-19.0.1.jar:/Users/foumou/.m2/repository/com/vaadin/vaadin-context-menu-flow/19.0.1/vaadin-context-menu-flow-19.0.1.jar:/Users/foumou/.m2/repository/com/vaadin/vaadin-menu-bar-flow/19.0.1/vaadin-menu-bar-flow-19.0.1.jar:/Users/foumou/.m2/repository/org/springframework/boot/spring-boot-devtools/2.6.2/spring-boot-devtools-2.6.2.jar:/Users/foumou/.m2/repository/org/springframework/boot/spring-boot/2.6.2/spring-boot-2.6.2.jar:/Users/foumou/.m2/repository/org/springframework/boot/spring-boot-autoconfigure/2.6.2/spring-boot-autoconfigure-2.6.2.jar:/Users/foumou/.m2/repository/com/vaadin/exampledata/4.0.0/exampledata-4.0.0.jar:/Users/foumou/.m2/repository/commons-io/commons-io/2.7/commons-io-2.7.jar:/Users/foumou/.m2/repository/org/projectlombok/lombok/1.18.22/lombok-1.18.22.jar:"/>
    <property name="java.vm.vendor" value="Oracle Corporation"/>
    <property name="sun.arch.data.model" value="64"/>
    <property name="java.vendor.url" value="https://java.oracle.com/"/>
    <property name="os.name" value="Mac OS X"/>
    <property name="java.vm.specification.version" value="16"/>
    <property name="sun.java.launcher" value="SUN_STANDARD"/>
    <property name="user.country" value="GB"/>
    <property name="sun.boot.library.path" value="/Library/Java/JavaVirtualMachines/jdk-16.0.1.jdk/Contents/Home/lib"/>
    <property name="sun.java.command" value="/Users/foumou/eclipse-workspace/spring/payroll/target/surefire/surefirebooter16643429251477616454.jar /Users/foumou/eclipse-workspace/spring/payroll/target/surefire 2021-12-31T21-20-52_768-jvmRun1 surefire11769607707312172674tmp surefire_01105985767447451655tmp"/>
    <property name="http.nonProxyHosts" value="local|*.local|169.254/16|*.169.254/16"/>
    <property name="jdk.debug" value="release"/>
    <property name="surefire.test.class.path" value="/Users/foumou/eclipse-workspace/spring/payroll/target/test-classes:/Users/foumou/eclipse-workspace/spring/payroll/target/classes:/Users/foumou/.m2/repository/org/springframework/boot/spring-boot-starter-data-jpa/2.6.2/spring-boot-starter-data-jpa-2.6.2.jar:/Users/foumou/.m2/repository/org/springframework/boot/spring-boot-starter-aop/2.6.2/spring-boot-starter-aop-2.6.2.jar:/Users/foumou/.m2/repository/org/springframework/spring-aop/5.3.14/spring-aop-5.3.14.jar:/Users/foumou/.m2/repository/org/aspectj/aspectjweaver/1.9.7/aspectjweaver-1.9.7.jar:/Users/foumou/.m2/repository/org/springframework/boot/spring-boot-starter-jdbc/2.6.2/spring-boot-starter-jdbc-2.6.2.jar:/Users/foumou/.m2/repository/com/zaxxer/HikariCP/4.0.3/HikariCP-4.0.3.jar:/Users/foumou/.m2/repository/org/springframework/spring-jdbc/5.3.14/spring-jdbc-5.3.14.jar:/Users/foumou/.m2/repository/jakarta/transaction/jakarta.transaction-api/1.3.3/jakarta.transaction-api-1.3.3.jar:/Users/foumou/.m2/repository/jakarta/persistence/jakarta.persistence-api/2.2.3/jakarta.persistence-api-2.2.3.jar:/Users/foumou/.m2/repository/org/hibernate/hibernate-core/5.6.3.Final/hibernate-core-5.6.3.Final.jar:/Users/foumou/.m2/repository/org/jboss/logging/jboss-logging/3.4.2.Final/jboss-logging-3.4.2.Final.jar:/Users/foumou/.m2/repository/net/bytebuddy/byte-buddy/1.11.22/byte-buddy-1.11.22.jar:/Users/foumou/.m2/repository/antlr/antlr/2.7.7/antlr-2.7.7.jar:/Users/foumou/.m2/repository/org/jboss/jandex/2.2.3.Final/jandex-2.2.3.Final.jar:/Users/foumou/.m2/repository/com/fasterxml/classmate/1.5.1/classmate-1.5.1.jar:/Users/foumou/.m2/repository/org/hibernate/common/hibernate-commons-annotations/5.1.2.Final/hibernate-commons-annotations-5.1.2.Final.jar:/Users/foumou/.m2/repository/org/glassfish/jaxb/jaxb-runtime/2.3.5/jaxb-runtime-2.3.5.jar:/Users/foumou/.m2/repository/org/glassfish/jaxb/txw2/2.3.5/txw2-2.3.5.jar:/Users/foumou/.m2/repository/com/sun/istack/istack-commons-runtime/3.0.12/istack-commons-runtime-3.0.12.jar:/Users/foumou/.m2/repository/com/sun/activation/jakarta.activation/1.2.2/jakarta.activation-1.2.2.jar:/Users/foumou/.m2/repository/org/springframework/data/spring-data-jpa/2.6.0/spring-data-jpa-2.6.0.jar:/Users/foumou/.m2/repository/org/springframework/data/spring-data-commons/2.6.0/spring-data-commons-2.6.0.jar:/Users/foumou/.m2/repository/org/springframework/spring-orm/5.3.14/spring-orm-5.3.14.jar:/Users/foumou/.m2/repository/org/springframework/spring-context/5.3.14/spring-context-5.3.14.jar:/Users/foumou/.m2/repository/org/springframework/spring-tx/5.3.14/spring-tx-5.3.14.jar:/Users/foumou/.m2/repository/org/springframework/spring-beans/5.3.14/spring-beans-5.3.14.jar:/Users/foumou/.m2/repository/org/slf4j/slf4j-api/1.7.32/slf4j-api-1.7.32.jar:/Users/foumou/.m2/repository/org/springframework/spring-aspects/5.3.14/spring-aspects-5.3.14.jar:/Users/foumou/.m2/repository/org/springframework/boot/spring-boot-starter-web/2.6.2/spring-boot-starter-web-2.6.2.jar:/Users/foumou/.m2/repository/org/springframework/boot/spring-boot-starter/2.6.2/spring-boot-starter-2.6.2.jar:/Users/foumou/.m2/repository/org/springframework/boot/spring-boot-starter-logging/2.6.2/spring-boot-starter-logging-2.6.2.jar:/Users/foumou/.m2/repository/ch/qos/logback/logback-classic/1.2.9/logback-classic-1.2.9.jar:/Users/foumou/.m2/repository/ch/qos/logback/logback-core/1.2.9/logback-core-1.2.9.jar:/Users/foumou/.m2/repository/org/apache/logging/log4j/log4j-to-slf4j/2.17.0/log4j-to-slf4j-2.17.0.jar:/Users/foumou/.m2/repository/org/apache/logging/log4j/log4j-api/2.17.0/log4j-api-2.17.0.jar:/Users/foumou/.m2/repository/org/slf4j/jul-to-slf4j/1.7.32/jul-to-slf4j-1.7.32.jar:/Users/foumou/.m2/repository/jakarta/annotation/jakarta.annotation-api/1.3.5/jakarta.annotation-api-1.3.5.jar:/Users/foumou/.m2/repository/org/yaml/snakeyaml/1.29/snakeyaml-1.29.jar:/Users/foumou/.m2/repository/org/springframework/boot/spring-boot-starter-json/2.6.2/spring-boot-starter-json-2.6.2.jar:/Users/foumou/.m2/repository/com/fasterxml/jackson/core/jackson-databind/2.13.1/jackson-databind-2.13.1.jar:/Users/foumou/.m2/repository/com/fasterxml/jackson/core/jackson-annotations/2.13.1/jackson-annotations-2.13.1.jar:/Users/foumou/.m2/repository/com/fasterxml/jackson/core/jackson-core/2.13.1/jackson-core-2.13.1.jar:/Users/foumou/.m2/repository/com/fasterxml/jackson/datatype/jackson-datatype-jdk8/2.13.1/jackson-datatype-jdk8-2.13.1.jar:/Users/foumou/.m2/repository/com/fasterxml/jackson/datatype/jackson-datatype-jsr310/2.13.1/jackson-datatype-jsr310-2.13.1.jar:/Users/foumou/.m2/repository/com/fasterxml/jackson/module/jackson-module-parameter-names/2.13.1/jackson-module-parameter-names-2.13.1.jar:/Users/foumou/.m2/repository/org/springframework/boot/spring-boot-starter-tomcat/2.6.2/spring-boot-starter-tomcat-2.6.2.jar:/Users/foumou/.m2/repository/org/apache/tomcat/embed/tomcat-embed-core/9.0.56/tomcat-embed-core-9.0.56.jar:/Users/foumou/.m2/repository/org/apache/tomcat/embed/tomcat-embed-el/9.0.56/tomcat-embed-el-9.0.56.jar:/Users/foumou/.m2/repository/org/apache/tomcat/embed/tomcat-embed-websocket/9.0.56/tomcat-embed-websocket-9.0.56.jar:/Users/foumou/.m2/repository/org/springframework/spring-web/5.3.14/spring-web-5.3.14.jar:/Users/foumou/.m2/repository/org/springframework/spring-webmvc/5.3.14/spring-webmvc-5.3.14.jar:/Users/foumou/.m2/repository/org/springframework/spring-expression/5.3.14/spring-expression-5.3.14.jar:/Users/foumou/.m2/repository/mysql/mysql-connector-java/8.0.27/mysql-connector-java-8.0.27.jar:/Users/foumou/.m2/repository/org/springframework/boot/spring-boot-starter-test/2.6.2/spring-boot-starter-test-2.6.2.jar:/Users/foumou/.m2/repository/org/springframework/boot/spring-boot-test/2.6.2/spring-boot-test-2.6.2.jar:/Users/foumou/.m2/repository/org/springframework/boot/spring-boot-test-autoconfigure/2.6.2/spring-boot-test-autoconfigure-2.6.2.jar:/Users/foumou/.m2/repository/com/jayway/jsonpath/json-path/2.6.0/json-path-2.6.0.jar:/Users/foumou/.m2/repository/net/minidev/json-smart/2.4.7/json-smart-2.4.7.jar:/Users/foumou/.m2/repository/net/minidev/accessors-smart/2.4.7/accessors-smart-2.4.7.jar:/Users/foumou/.m2/repository/org/ow2/asm/asm/9.1/asm-9.1.jar:/Users/foumou/.m2/repository/jakarta/xml/bind/jakarta.xml.bind-api/2.3.3/jakarta.xml.bind-api-2.3.3.jar:/Users/foumou/.m2/repository/jakarta/activation/jakarta.activation-api/1.2.2/jakarta.activation-api-1.2.2.jar:/Users/foumou/.m2/repository/org/assertj/assertj-core/3.21.0/assertj-core-3.21.0.jar:/Users/foumou/.m2/repository/org/hamcrest/hamcrest/2.2/hamcrest-2.2.jar:/Users/foumou/.m2/repository/org/junit/jupiter/junit-jupiter/5.8.2/junit-jupiter-5.8.2.jar:/Users/foumou/.m2/repository/org/junit/jupiter/junit-jupiter-api/5.8.2/junit-jupiter-api-5.8.2.jar:/Users/foumou/.m2/repository/org/opentest4j/opentest4j/1.2.0/opentest4j-1.2.0.jar:/Users/foumou/.m2/repository/org/junit/platform/junit-platform-commons/1.8.2/junit-platform-commons-1.8.2.jar:/Users/foumou/.m2/repository/org/apiguardian/apiguardian-api/1.1.2/apiguardian-api-1.1.2.jar:/Users/foumou/.m2/repository/org/junit/jupiter/junit-jupiter-params/5.8.2/junit-jupiter-params-5.8.2.jar:/Users/foumou/.m2/repository/org/junit/jupiter/junit-jupiter-engine/5.8.2/junit-jupiter-engine-5.8.2.jar:/Users/foumou/.m2/repository/org/junit/platform/junit-platform-engine/1.8.2/junit-platform-engine-1.8.2.jar:/Users/foumou/.m2/repository/org/mockito/mockito-core/4.0.0/mockito-core-4.0.0.jar:/Users/foumou/.m2/repository/net/bytebuddy/byte-buddy-agent/1.11.22/byte-buddy-agent-1.11.22.jar:/Users/foumou/.m2/repository/org/objenesis/objenesis/3.2/objenesis-3.2.jar:/Users/foumou/.m2/repository/org/mockito/mockito-junit-jupiter/4.0.0/mockito-junit-jupiter-4.0.0.jar:/Users/foumou/.m2/repository/org/skyscreamer/jsonassert/1.5.0/jsonassert-1.5.0.jar:/Users/foumou/.m2/repository/com/vaadin/external/google/android-json/0.0.20131108.vaadin1/android-json-0.0.20131108.vaadin1.jar:/Users/foumou/.m2/repository/org/springframework/spring-core/5.3.14/spring-core-5.3.14.jar:/Users/foumou/.m2/repository/org/springframework/spring-jcl/5.3.14/spring-jcl-5.3.14.jar:/Users/foumou/.m2/repository/org/springframework/spring-test/5.3.14/spring-test-5.3.14.jar:/Users/foumou/.m2/repository/org/xmlunit/xmlunit-core/2.8.4/xmlunit-core-2.8.4.jar:/Users/foumou/.m2/repository/com/vaadin/vaadin-spring-boot-starter/19.0.1/vaadin-spring-boot-starter-19.0.1.jar:/Users/foumou/.m2/repository/com/vaadin/vaadin-spring/16.0.1/vaadin-spring-16.0.1.jar:/Users/foumou/.m2/repository/com/vaadin/flow-server/6.0.1/flow-server-6.0.1.jar:/Users/foumou/.m2/repository/com/vaadin/external/gwt/gwt-elemental/2.8.2.vaadin2/gwt-elemental-2.8.2.vaadin2.jar:/Users/foumou/.m2/repository/commons-fileupload/commons-fileupload/1.3.3/commons-fileupload-1.3.3.jar:/Users/foumou/.m2/repository/org/jsoup/jsoup/1.12.1/jsoup-1.12.1.jar:/Users/foumou/.m2/repository/com/helger/ph-css/6.1.1/ph-css-6.1.1.jar:/Users/foumou/.m2/repository/com/helger/ph-commons/9.1.2/ph-commons-9.1.2.jar:/Users/foumou/.m2/repository/com/vaadin/external/gentyref/1.2.0.vaadin1/gentyref-1.2.0.vaadin1.jar:/Users/foumou/.m2/repository/org/apache/commons/commons-compress/1.19/commons-compress-1.19.jar:/Users/foumou/.m2/repository/org/apache/httpcomponents/httpclient/4.5.13/httpclient-4.5.13.jar:/Users/foumou/.m2/repository/org/apache/httpcomponents/httpcore/4.4.15/httpcore-4.4.15.jar:/Users/foumou/.m2/repository/commons-codec/commons-codec/1.15/commons-codec-1.15.jar:/Users/foumou/.m2/repository/com/vaadin/flow-push/6.0.1/flow-push-6.0.1.jar:/Users/foumou/.m2/repository/com/vaadin/external/atmosphere/atmosphere-runtime/2.4.30.slf4jvaadin1/atmosphere-runtime-2.4.30.slf4jvaadin1.jar:/Users/foumou/.m2/repository/com/vaadin/flow-client/6.0.1/flow-client-6.0.1.jar:/Users/foumou/.m2/repository/org/springframework/spring-websocket/5.3.14/spring-websocket-5.3.14.jar:/Users/foumou/.m2/repository/org/hibernate/validator/hibernate-validator/6.2.0.Final/hibernate-validator-6.2.0.Final.jar:/Users/foumou/.m2/repository/jakarta/validation/jakarta.validation-api/2.0.2/jakarta.validation-api-2.0.2.jar:/Users/foumou/.m2/repository/com/vaadin/vaadin-core/19.0.1/vaadin-core-19.0.1.jar:/Users/foumou/.m2/repository/com/vaadin/fusion-endpoint/6.0.2/fusion-endpoint-6.0.2.jar:/Users/foumou/.m2/repository/javax/validation/validation-api/2.0.1.Final/validation-api-2.0.1.Final.jar:/Users/foumou/.m2/repository/javax/annotation/javax.annotation-api/1.3.2/javax.annotation-api-1.3.2.jar:/Users/foumou/.m2/repository/com/github/javaparser/javaparser-symbol-solver-core/3.15.1/javaparser-symbol-solver-core-3.15.1.jar:/Users/foumou/.m2/repository/com/github/javaparser/javaparser-symbol-solver-logic/3.15.1/javaparser-symbol-solver-logic-3.15.1.jar:/Users/foumou/.m2/repository/org/javassist/javassist/3.24.0-GA/javassist-3.24.0-GA.jar:/Users/foumou/.m2/repository/com/github/javaparser/javaparser-symbol-solver-model/3.15.1/javaparser-symbol-solver-model-3.15.1.jar:/Users/foumou/.m2/repository/com/github/javaparser/javaparser-core/3.15.1/javaparser-core-3.15.1.jar:/Users/foumou/.m2/repository/com/google/guava/guava/27.0-jre/guava-27.0-jre.jar:/Users/foumou/.m2/repository/com/google/guava/failureaccess/1.0/failureaccess-1.0.jar:/Users/foumou/.m2/repository/com/google/guava/listenablefuture/9999.0-empty-to-avoid-conflict-with-guava/listenablefuture-9999.0-empty-to-avoid-conflict-with-guava.jar:/Users/foumou/.m2/repository/com/google/code/findbugs/jsr305/3.0.2/jsr305-3.0.2.jar:/Users/foumou/.m2/repository/org/checkerframework/checker-qual/2.5.2/checker-qual-2.5.2.jar:/Users/foumou/.m2/repository/com/google/errorprone/error_prone_annotations/2.2.0/error_prone_annotations-2.2.0.jar:/Users/foumou/.m2/repository/com/google/j2objc/j2objc-annotations/1.1/j2objc-annotations-1.1.jar:/Users/foumou/.m2/repository/org/codehaus/mojo/animal-sniffer-annotations/1.17/animal-sniffer-annotations-1.17.jar:/Users/foumou/.m2/repository/io/swagger/codegen/v3/swagger-codegen/3.0.2/swagger-codegen-3.0.2.jar:/Users/foumou/.m2/repository/io/swagger/core/v3/swagger-models/2.0.4/swagger-models-2.0.4.jar:/Users/foumou/.m2/repository/io/swagger/swagger-parser/1.0.39/swagger-parser-1.0.39.jar:/Users/foumou/.m2/repository/io/swagger/swagger-core/1.5.21/swagger-core-1.5.21.jar:/Users/foumou/.m2/repository/io/swagger/swagger-models/1.5.21/swagger-models-1.5.21.jar:/Users/foumou/.m2/repository/io/swagger/swagger-annotations/1.5.21/swagger-annotations-1.5.21.jar:/Users/foumou/.m2/repository/io/swagger/core/v3/swagger-core/2.0.4/swagger-core-2.0.4.jar:/Users/foumou/.m2/repository/javax/xml/bind/jaxb-api/2.3.1/jaxb-api-2.3.1.jar:/Users/foumou/.m2/repository/javax/activation/javax.activation-api/1.2.0/javax.activation-api-1.2.0.jar:/Users/foumou/.m2/repository/com/fasterxml/jackson/dataformat/jackson-dataformat-yaml/2.13.1/jackson-dataformat-yaml-2.13.1.jar:/Users/foumou/.m2/repository/io/swagger/core/v3/swagger-annotations/2.0.4/swagger-annotations-2.0.4.jar:/Users/foumou/.m2/repository/io/swagger/parser/v3/swagger-parser-core/2.0.5/swagger-parser-core-2.0.5.jar:/Users/foumou/.m2/repository/io/swagger/parser/v3/swagger-parser-v3/2.0.5/swagger-parser-v3-2.0.5.jar:/Users/foumou/.m2/repository/io/swagger/parser/v3/swagger-parser/2.0.5/swagger-parser-2.0.5.jar:/Users/foumou/.m2/repository/io/swagger/parser/v3/swagger-parser-v2-converter/2.0.5/swagger-parser-v2-converter-2.0.5.jar:/Users/foumou/.m2/repository/io/swagger/swagger-codegen/2.3.1/swagger-codegen-2.3.1.jar:/Users/foumou/.m2/repository/io/swagger/swagger-compat-spec-parser/1.0.33/swagger-compat-spec-parser-1.0.33.jar:/Users/foumou/.m2/repository/com/github/java-json-tools/json-schema-validator/2.2.8/json-schema-validator-2.2.8.jar:/Users/foumou/.m2/repository/com/github/java-json-tools/json-schema-core/1.2.8/json-schema-core-1.2.8.jar:/Users/foumou/.m2/repository/com/github/fge/uri-template/0.9/uri-template-0.9.jar:/Users/foumou/.m2/repository/joda-time/joda-time/2.9.7/joda-time-2.9.7.jar:/Users/foumou/.m2/repository/com/googlecode/libphonenumber/libphonenumber/8.0.0/libphonenumber-8.0.0.jar:/Users/foumou/.m2/repository/net/sf/jopt-simple/jopt-simple/5.0.3/jopt-simple-5.0.3.jar:/Users/foumou/.m2/repository/com/github/fge/json-patch/1.6/json-patch-1.6.jar:/Users/foumou/.m2/repository/com/github/fge/jackson-coreutils/1.6/jackson-coreutils-1.6.jar:/Users/foumou/.m2/repository/com/github/fge/msg-simple/1.1/msg-simple-1.1.jar:/Users/foumou/.m2/repository/com/github/fge/btf/1.2/btf-1.2.jar:/Users/foumou/.m2/repository/com/samskivert/jmustache/1.15/jmustache-1.15.jar:/Users/foumou/.m2/repository/org/slf4j/slf4j-ext/1.7.32/slf4j-ext-1.7.32.jar:/Users/foumou/.m2/repository/commons-cli/commons-cli/1.2/commons-cli-1.2.jar:/Users/foumou/.m2/repository/com/github/jknack/handlebars/4.0.6/handlebars-4.0.6.jar:/Users/foumou/.m2/repository/org/antlr/antlr4-runtime/4.5.1-1/antlr4-runtime-4.5.1-1.jar:/Users/foumou/.m2/repository/org/mozilla/rhino/1.7R4/rhino-1.7R4.jar:/Users/foumou/.m2/repository/com/atlassian/commonmark/commonmark/0.9.0/commonmark-0.9.0.jar:/Users/foumou/.m2/repository/io/swagger/codegen/v3/swagger-codegen-generators/1.0.2/swagger-codegen-generators-1.0.2.jar:/Users/foumou/.m2/repository/com/vaadin/flow-lit-template/6.0.2/flow-lit-template-6.0.2.jar:/Users/foumou/.m2/repository/com/vaadin/flow-polymer-template/6.0.2/flow-polymer-template-6.0.2.jar:/Users/foumou/.m2/repository/com/vaadin/flow-html-components/6.0.2/flow-html-components-6.0.2.jar:/Users/foumou/.m2/repository/com/vaadin/flow-data/6.0.2/flow-data-6.0.2.jar:/Users/foumou/.m2/repository/com/vaadin/flow-dnd/6.0.2/flow-dnd-6.0.2.jar:/Users/foumou/.m2/repository/org/webjars/npm/vaadin__vaadin-mobile-drag-drop/1.0.0/vaadin__vaadin-mobile-drag-drop-1.0.0.jar:/Users/foumou/.m2/repository/org/webjars/npm/mobile-drag-drop/2.3.0-rc.1/mobile-drag-drop-2.3.0-rc.1.jar:/Users/foumou/.m2/repository/com/vaadin/vaadin-lumo-theme/6.0.2/vaadin-lumo-theme-6.0.2.jar:/Users/foumou/.m2/repository/com/vaadin/vaadin-material-theme/6.0.2/vaadin-material-theme-6.0.2.jar:/Users/foumou/.m2/repository/com/vaadin/vaadin-accordion-flow/19.0.1/vaadin-accordion-flow-19.0.1.jar:/Users/foumou/.m2/repository/com/vaadin/vaadin-avatar-flow/19.0.1/vaadin-avatar-flow-19.0.1.jar:/Users/foumou/.m2/repository/com/vaadin/vaadin-button-flow/19.0.1/vaadin-button-flow-19.0.1.jar:/Users/foumou/.m2/repository/com/vaadin/vaadin-checkbox-flow/19.0.1/vaadin-checkbox-flow-19.0.1.jar:/Users/foumou/.m2/repository/com/vaadin/vaadin-combo-box-flow/19.0.1/vaadin-combo-box-flow-19.0.1.jar:/Users/foumou/.m2/repository/com/vaadin/vaadin-custom-field-flow/19.0.1/vaadin-custom-field-flow-19.0.1.jar:/Users/foumou/.m2/repository/com/vaadin/vaadin-date-picker-flow/19.0.1/vaadin-date-picker-flow-19.0.1.jar:/Users/foumou/.m2/repository/com/vaadin/vaadin-date-time-picker-flow/19.0.1/vaadin-date-time-picker-flow-19.0.1.jar:/Users/foumou/.m2/repository/com/vaadin/vaadin-details-flow/19.0.1/vaadin-details-flow-19.0.1.jar:/Users/foumou/.m2/repository/com/vaadin/vaadin-time-picker-flow/19.0.1/vaadin-time-picker-flow-19.0.1.jar:/Users/foumou/.m2/repository/com/vaadin/vaadin-select-flow/19.0.1/vaadin-select-flow-19.0.1.jar:/Users/foumou/.m2/repository/com/vaadin/vaadin-dialog-flow/19.0.1/vaadin-dialog-flow-19.0.1.jar:/Users/foumou/.m2/repository/com/vaadin/vaadin-form-layout-flow/19.0.1/vaadin-form-layout-flow-19.0.1.jar:/Users/foumou/.m2/repository/com/vaadin/vaadin-grid-flow/19.0.1/vaadin-grid-flow-19.0.1.jar:/Users/foumou/.m2/repository/org/apache/commons/commons-lang3/3.12.0/commons-lang3-3.12.0.jar:/Users/foumou/.m2/repository/com/vaadin/vaadin-icons-flow/19.0.1/vaadin-icons-flow-19.0.1.jar:/Users/foumou/.m2/repository/com/vaadin/vaadin-iron-list-flow/19.0.1/vaadin-iron-list-flow-19.0.1.jar:/Users/foumou/.m2/repository/com/vaadin/vaadin-list-box-flow/19.0.1/vaadin-list-box-flow-19.0.1.jar:/Users/foumou/.m2/repository/com/vaadin/vaadin-login-flow/19.0.1/vaadin-login-flow-19.0.1.jar:/Users/foumou/.m2/repository/com/vaadin/vaadin-ordered-layout-flow/19.0.1/vaadin-ordered-layout-flow-19.0.1.jar:/Users/foumou/.m2/repository/com/vaadin/vaadin-progress-bar-flow/19.0.1/vaadin-progress-bar-flow-19.0.1.jar:/Users/foumou/.m2/repository/com/vaadin/vaadin-radio-button-flow/19.0.1/vaadin-radio-button-flow-19.0.1.jar:/Users/foumou/.m2/repository/com/vaadin/vaadin-split-layout-flow/19.0.1/vaadin-split-layout-flow-19.0.1.jar:/Users/foumou/.m2/repository/com/vaadin/vaadin-tabs-flow/19.0.1/vaadin-tabs-flow-19.0.1.jar:/Users/foumou/.m2/repository/com/vaadin/vaadin-text-field-flow/19.0.1/vaadin-text-field-flow-19.0.1.jar:/Users/foumou/.m2/repository/com/vaadin/vaadin-upload-flow/19.0.1/vaadin-upload-flow-19.0.1.jar:/Users/foumou/.m2/repository/com/vaadin/vaadin-notification-flow/19.0.1/vaadin-notification-flow-19.0.1.jar:/Users/foumou/.m2/repository/com/vaadin/vaadin-app-layout-flow/19.0.1/vaadin-app-layout-flow-19.0.1.jar:/Users/foumou/.m2/repository/com/vaadin/vaadin-context-menu-flow/19.0.1/vaadin-context-menu-flow-19.0.1.jar:/Users/foumou/.m2/repository/com/vaadin/vaadin-menu-bar-flow/19.0.1/vaadin-menu-bar-flow-19.0.1.jar:/Users/foumou/.m2/repository/org/springframework/boot/spring-boot-devtools/2.6.2/spring-boot-devtools-2.6.2.jar:/Users/foumou/.m2/repository/org/springframework/boot/spring-boot/2.6.2/spring-boot-2.6.2.jar:/Users/foumou/.m2/repository/org/springframework/boot/spring-boot-autoconfigure/2.6.2/spring-boot-autoconfigure-2.6.2.jar:/Users/foumou/.m2/repository/com/vaadin/exampledata/4.0.0/exampledata-4.0.0.jar:/Users/foumou/.m2/repository/commons-io/commons-io/2.7/commons-io-2.7.jar:/Users/foumou/.m2/repository/org/projectlombok/lombok/1.18.22/lombok-1.18.22.jar:"/>
    <property name="sun.cpu.endian" value="little"/>
    <property name="user.home" value="/Users/foumou"/>
    <property name="user.language" value="en"/>
    <property name="java.specification.vendor" value="Oracle Corporation"/>
    <property name="java.version.date" value="2021-04-20"/>
    <property name="java.home" value="/Library/Java/JavaVirtualMachines/jdk-16.0.1.jdk/Contents/Home"/>
    <property name="file.separator" value="/"/>
    <property name="basedir" value="/Users/foumou/eclipse-workspace/spring/payroll"/>
    <property name="java.vm.compressedOopsMode" value="Zero based"/>
    <property name="line.separator" value="&#10;"/>
    <property name="java.specification.name" value="Java Platform API Specification"/>
    <property name="java.vm.specification.vendor" value="Oracle Corporation"/>
    <property name="surefire.real.class.path" value="/Users/foumou/eclipse-workspace/spring/payroll/target/surefire/surefirebooter16643429251477616454.jar"/>
    <property name="sun.management.compiler" value="HotSpot 64-Bit Tiered Compilers"/>
    <property name="ftp.nonProxyHosts" value="local|*.local|169.254/16|*.169.254/16"/>
    <property name="java.runtime.version" value="16.0.1+9-24"/>
    <property name="user.name" value="foumou"/>
    <property name="path.separator" value=":"/>
    <property name="os.version" value="10.16"/>
    <property name="java.runtime.name" value="OpenJDK Runtime Environment"/>
    <property name="file.encoding" value="UTF-8"/>
    <property name="java.vm.name" value="OpenJDK 64-Bit Server VM"/>
    <property name="localRepository" value="/Users/foumou/.m2/repository"/>
    <property name="java.vendor.url.bug" value="https://bugreport.java.com/bugreport/"/>
    <property name="java.io.tmpdir" value="/var/folders/pj/vdml65jd4tv5wtfx4n1809yw0000gn/T/"/>
    <property name="java.version" value="16.0.1"/>
    <property name="user.dir" value="/Users/foumou/eclipse-workspace/spring/payroll"/>
    <property name="os.arch" value="x86_64"/>
    <property name="java.vm.specification.name" value="Java Virtual Machine Specification"/>
    <property name="java.library.path" value="/Users/foumou/Library/Java/Extensions:/Library/Java/Extensions:/Network/Library/Java/Extensions:/System/Library/Java/Extensions:/usr/lib/java:."/>
    <property name="java.vm.info" value="mixed mode, sharing"/>
    <property name="java.vendor" value="Oracle Corporation"/>
    <property name="java.vm.version" value="16.0.1+9-24"/>
    <property name="sun.io.unicode.encoding" value="UnicodeBig"/>
    <property name="socksNonProxyHosts" value="local|*.local|169.254/16|*.169.254/16"/>
    <property name="java.class.version" value="60.0"/>
  </properties>
  <testcase name="contextLoads" classname="com.example.payroll.PayrollApplicationTests" time="0.235"/>
</testsuite>